<?xml version="1.0" encoding="UTF-8"?>
<!-- Generated by org.testng.reporters.JUnitXMLReporter -->
<testsuite hostname="DESKTOP-03J6VC3" name="Smoke" tests="15" failures="0" timestamp="12 Oct 2021 03:21:30 GMT" time="99.18" errors="0">
  <testcase name="executorCenario" time="26.306" classname="br.com.maven.comofazer.maven.Cenario1_Chrome"/>
  <testcase name="executorCenario" time="30.132" classname="br.com.maven.comofazer.maven.Cenario2_Chrome"/>
  <testcase name="executorCenario" time="30.161" classname="br.com.maven.comofazer.maven.Cenario1_Edge"/>
  <testcase name="executorCenario" time="42.794" classname="br.com.maven.comofazer.maven.Cenario2_Firefox"/>
  <testcase name="executorCenario" time="43.752" classname="br.com.maven.comofazer.maven.Cenario2_Edge"/>
  <testcase name="executorCenario" time="43.901" classname="br.com.maven.comofazer.maven.Cenario1_Firefox"/>
  <testcase name="executorCenario" time="21.302" classname="br.com.maven.comofazer.maven.Cenario3_Chrome"/>
  <testcase name="executorCenario" time="20.308" classname="br.com.maven.comofazer.maven.Cenario3_Edge"/>
  <testcase name="executorCenario" time="14.756" classname="br.com.maven.comofazer.maven.Cenario4_Chrome"/>
  <testcase name="executorCenario" time="17.958" classname="br.com.maven.comofazer.maven.Cenario5_Chrome"/>
  <testcase name="executorCenario" time="22.623" classname="br.com.maven.comofazer.maven.Cenario4_Edge"/>
  <testcase name="executorCenario" time="33.088" classname="br.com.maven.comofazer.maven.Cenario4_Firefox"/>
  <testcase name="executorCenario" time="48.717" classname="br.com.maven.comofazer.maven.Cenario3_Firefox"/>
  <testcase name="executorCenario" time="21.884" classname="br.com.maven.comofazer.maven.Cenario5_Edge"/>
  <testcase name="executorCenario" time="46.213" classname="br.com.maven.comofazer.maven.Cenario5_Firefox"/>
</testsuite> <!-- Smoke -->
