<?xml version="1.0" encoding="UTF-8"?>
<!-- Generated by org.testng.reporters.JUnitXMLReporter -->
<testsuite hostname="DESKTOP-03J6VC3" name="Smoke" tests="15" failures="0" timestamp="14 Oct 2021 15:18:07 GMT" time="111.618" errors="0">
  <testcase name="executorCenario" time="24.442" classname="br.com.sempreit.cenarios.Cenario1_Chrome"/>
  <testcase name="executorCenario" time="24.496" classname="br.com.sempreit.cenarios.Cenario2_Chrome"/>
  <testcase name="executorCenario" time="35.045" classname="br.com.sempreit.cenarios.Cenario1_Edge"/>
  <testcase name="executorCenario" time="37.925" classname="br.com.sempreit.cenarios.Cenario1_Firefox"/>
  <testcase name="executorCenario" time="21.927" classname="br.com.sempreit.cenarios.Cenario2_Edge"/>
  <testcase name="executorCenario" time="20.305" classname="br.com.sempreit.cenarios.Cenario3_Chrome"/>
  <testcase name="executorCenario" time="31.654" classname="br.com.sempreit.cenarios.Cenario2_Firefox"/>
  <testcase name="executorCenario" time="20.66" classname="br.com.sempreit.cenarios.Cenario3_Edge"/>
  <testcase name="executorCenario" time="30.354" classname="br.com.sempreit.cenarios.Cenario3_Firefox"/>
  <testcase name="executorCenario" time="18.902" classname="br.com.sempreit.cenarios.Cenario4_Chrome"/>
  <testcase name="executorCenario" time="24.876" classname="br.com.sempreit.cenarios.Cenario4_Firefox"/>
  <testcase name="executorCenario" time="23.906" classname="br.com.sempreit.cenarios.Cenario4_Edge"/>
  <testcase name="executorCenario" time="19.542" classname="br.com.sempreit.cenarios.Cenario5_Chrome"/>
  <testcase name="executorCenario" time="29.889" classname="br.com.sempreit.cenarios.Cenario5_Firefox"/>
  <testcase name="executorCenario" time="22.625" classname="br.com.sempreit.cenarios.Cenario5_Edge"/>
</testsuite> <!-- Smoke -->
